WARNING:werkzeug: * Debugger is active!
INFO:werkzeug: * Debugger PIN: 144-504-904
INFO:werkzeug:[31m[1mWARNING: This is a development server. Do not use it in a production deployment. Use a production WSGI server instead.[0m
 * Running on http://127.0.0.1:5000
INFO:werkzeug:[33mPress CTRL+C to quit[0m
INFO:werkzeug: * Restarting with watchdog (windowsapi)
WARNING:werkzeug: * Debugger is active!
INFO:werkzeug: * Debugger PIN: 144-504-904
INFO:werkzeug:127.0.0.1 - - [21/Nov/2024 20:07:53] "OPTIONS /api/contact HTTP/1.1" 200 -
INFO:werkzeug:127.0.0.1 - - [21/Nov/2024 20:07:58] "POST /api/contact HTTP/1.1" 200 -
INFO:werkzeug:[31m[1mWARNING: This is a development server. Do not use it in a production deployment. Use a production WSGI server instead.[0m
 * Running on http://127.0.0.1:5000
INFO:werkzeug:[33mPress CTRL+C to quit[0m
INFO:werkzeug: * Restarting with watchdog (windowsapi)
WARNING:werkzeug: * Debugger is active!
INFO:werkzeug: * Debugger PIN: 144-504-904
INFO:werkzeug: * Detected change in 'C:\\Users\\DELL\\vscode_project\\web_app_projects\\creastbeam\\nextjs\\pronex\\flask_app\\app.py', reloading
INFO:werkzeug: * Detected change in 'C:\\Users\\DELL\\vscode_project\\web_app_projects\\creastbeam\\nextjs\\pronex\\flask_app\\app.py', reloading
INFO:werkzeug: * Detected change in 'C:\\Users\\DELL\\vscode_project\\web_app_projects\\creastbeam\\nextjs\\pronex\\flask_app\\app.py', reloading
INFO:werkzeug: * Restarting with watchdog (windowsapi)
WARNING:werkzeug: * Debugger is active!
INFO:werkzeug: * Debugger PIN: 144-504-904
INFO:werkzeug:[31m[1mWARNING: This is a development server. Do not use it in a production deployment. Use a production WSGI server instead.[0m
 * Running on all addresses (0.0.0.0)
 * Running on http://127.0.0.1:5000
 * Running on http://192.168.43.102:5000
INFO:werkzeug:[33mPress CTRL+C to quit[0m
INFO:werkzeug: * Restarting with watchdog (windowsapi)
WARNING:werkzeug: * Debugger is active!
INFO:werkzeug: * Debugger PIN: 144-504-904
INFO:werkzeug: * Detected change in 'C:\\Users\\DELL\\vscode_project\\web_app_projects\\creastbeam\\nextjs\\pronex\\flask_app\\app.py', reloading
INFO:werkzeug: * Detected change in 'C:\\Users\\DELL\\vscode_project\\web_app_projects\\creastbeam\\nextjs\\pronex\\flask_app\\app.py', reloading
INFO:werkzeug: * Detected change in 'C:\\Users\\DELL\\vscode_project\\web_app_projects\\creastbeam\\nextjs\\pronex\\flask_app\\app.py', reloading
INFO:werkzeug: * Detected change in 'C:\\Users\\DELL\\vscode_project\\web_app_projects\\creastbeam\\nextjs\\pronex\\flask_app\\app.py', reloading
INFO:werkzeug: * Restarting with watchdog (windowsapi)
WARNING:werkzeug: * Debugger is active!
INFO:werkzeug: * Debugger PIN: 144-504-904
